
		Thu Nov 02 2023
16:37:41 { Loading plugin 1: Type `plain', file `geos' in `../hosting'
16:37:41   plain version 1.2.3238 from OpenLink Software
16:37:41   GEOS plugin based on Geometry Engine Open Source library from Open Source Geospatial Foundation
16:37:41   SUCCESS plugin 1: loaded from ../hosting/geos.so }
16:37:41 { Loading plugin 2: Type `plain', file `graphql' in `../hosting'
16:37:41   GraphQL/SPARQL Bridge version 0.9.3 (d89671fa1) from OpenLink Software
16:37:41   Support functions for GraphQL/SPARQL Bridge
16:37:41   SUCCESS plugin 2: loaded from ../hosting/graphql.so }
16:37:41 { Loading plugin 3: Type `plain', file `proj4' in `../hosting'
16:37:41   plain version 1.1.3238 from OpenLink Software
16:37:41   Cartographic Projections support based on Frank Warmerdam's proj4 library
16:37:41   SUCCESS plugin 3: loaded from ../hosting/proj4.so }
16:37:41 { Loading plugin 4: Type `plain', file `shapefileio' in `../hosting'
16:37:41   ShapefileIO version 0.1virt71 from OpenLink Software
16:37:41   Shapefile support based on Frank Warmerdam's Shapelib
16:37:41   SUCCESS plugin 4: loaded from ../hosting/shapefileio.so }
16:37:41 OpenLink Virtuoso Universal Server
16:37:41 Version 07.20.3238-pthreads for Linux as of Sep 26 2023 (d89671fa1)
16:37:41 uses OpenSSL 1.1.1  11 Sep 2018
16:37:41 uses parts of PCRE, Html Tidy
16:37:42 SQL Optimizer enabled (max 1000 layouts)
16:37:42 Compiler unit is timed at 0.000193 msec
16:37:44 Checkpoint started
16:37:44 Checkpoint finished.
16:37:44 Roll forward started
16:37:44 Roll forward complete
16:37:48 PL LOG: Installing Virtuoso Conductor version 1.00.8852 (DAV)
16:37:48 PL LOG: Installing with dependencies Virtuoso Conductor version 1.00.8852/2023-09-26 16:56 (DAV)
16:37:48 Checkpoint started
16:37:48 Checkpoint finished, log reused
16:37:51 Checkpoint started
16:37:51 Checkpoint finished, log reused
16:37:51 PL LOG: Installation with dependencies complete
16:37:51 PL LOG: Initializing DB.DBA.SYS_PROJ4_SRIDS
16:37:51 PL LOG: ... checking for data files in "/usr/share/proj"
16:37:51 PL LOG: ... using built-in data
16:37:51 PL LOG: Initializing DB.DBA.SYS_PROJ4_SRIDS using built-in data
16:37:51 PL LOG: DB.DBA.SYS_PROJ4_SRIDS initialized with 8650 spatial reference systems
16:37:51 Checkpoint started
16:37:51 Checkpoint finished, log reused
16:37:51 Server exiting

		Thu Nov 02 2023
16:37:51 { Loading plugin 1: Type `plain', file `geos' in `../hosting'
16:37:51   plain version 1.2.3238 from OpenLink Software
16:37:51   GEOS plugin based on Geometry Engine Open Source library from Open Source Geospatial Foundation
16:37:51   SUCCESS plugin 1: loaded from ../hosting/geos.so }
16:37:51 { Loading plugin 2: Type `plain', file `graphql' in `../hosting'
16:37:51   GraphQL/SPARQL Bridge version 0.9.3 (d89671fa1) from OpenLink Software
16:37:51   Support functions for GraphQL/SPARQL Bridge
16:37:51   SUCCESS plugin 2: loaded from ../hosting/graphql.so }
16:37:51 { Loading plugin 3: Type `plain', file `proj4' in `../hosting'
16:37:51   plain version 1.1.3238 from OpenLink Software
16:37:51   Cartographic Projections support based on Frank Warmerdam's proj4 library
16:37:51   SUCCESS plugin 3: loaded from ../hosting/proj4.so }
16:37:51 { Loading plugin 4: Type `plain', file `shapefileio' in `../hosting'
16:37:51   ShapefileIO version 0.1virt71 from OpenLink Software
16:37:51   Shapefile support based on Frank Warmerdam's Shapelib
16:37:51   SUCCESS plugin 4: loaded from ../hosting/shapefileio.so }
16:37:51 OpenLink Virtuoso Universal Server
16:37:51 Version 07.20.3238-pthreads for Linux as of Sep 26 2023 (d89671fa1)
16:37:51 uses OpenSSL 1.1.1  11 Sep 2018
16:37:51 uses parts of PCRE, Html Tidy
16:37:51 Starting for DBA password change.
16:37:52 Database version 3126
16:37:52 SQL Optimizer enabled (max 1000 layouts)
16:37:53 Compiler unit is timed at 0.000071 msec
16:37:53 Roll forward started
16:37:53     3 transactions, 185 bytes replayed (100 %)
16:37:53 Roll forward complete
16:37:53 The DBA password is changed.
16:37:53 The DAV password is changed.
16:37:53 Checkpoint started
16:37:53 Checkpoint finished, log reused
16:37:53 Server exiting

		Thu Nov 02 2023
16:37:53 { Loading plugin 1: Type `plain', file `geos' in `../hosting'
16:37:53   plain version 1.2.3238 from OpenLink Software
16:37:53   GEOS plugin based on Geometry Engine Open Source library from Open Source Geospatial Foundation
16:37:53   SUCCESS plugin 1: loaded from ../hosting/geos.so }
16:37:53 { Loading plugin 2: Type `plain', file `graphql' in `../hosting'
16:37:53   GraphQL/SPARQL Bridge version 0.9.3 (d89671fa1) from OpenLink Software
16:37:53   Support functions for GraphQL/SPARQL Bridge
16:37:53   SUCCESS plugin 2: loaded from ../hosting/graphql.so }
16:37:53 { Loading plugin 3: Type `plain', file `proj4' in `../hosting'
16:37:53   plain version 1.1.3238 from OpenLink Software
16:37:53   Cartographic Projections support based on Frank Warmerdam's proj4 library
16:37:53   SUCCESS plugin 3: loaded from ../hosting/proj4.so }
16:37:53 { Loading plugin 4: Type `plain', file `shapefileio' in `../hosting'
16:37:53   ShapefileIO version 0.1virt71 from OpenLink Software
16:37:53   Shapefile support based on Frank Warmerdam's Shapelib
16:37:53   SUCCESS plugin 4: loaded from ../hosting/shapefileio.so }
16:37:53 OpenLink Virtuoso Universal Server
16:37:53 Version 07.20.3238-pthreads for Linux as of Sep 26 2023 (d89671fa1)
16:37:53 uses OpenSSL 1.1.1  11 Sep 2018
16:37:53 uses parts of PCRE, Html Tidy
16:37:53 Database version 3126
16:37:53 SQL Optimizer enabled (max 1000 layouts)
16:37:55 Compiler unit is timed at 0.000072 msec
16:37:55 Roll forward started
16:37:55 Roll forward complete
16:37:55 Checkpoint started
16:37:56 Checkpoint finished, log reused
16:37:56 HTTP/WebDAV server online at 8890
16:37:56 Server online at 1111 (pid 1)
16:39:41 * Monitor: Should read for update because lock escalation from shared to exclusive fails frequently (1)
16:39:41 * Monitor: Should read for update because lock escalation from shared to exclusive fails frequently (2)
16:39:41 * Monitor: Locks are held for a long time
16:40:27 PL LOG: Installing Faceted Browser version 1.16.115/2023-09-26 16:55 (DAV)
16:40:27 Checkpoint started
16:40:27 Checkpoint finished, log reused
16:40:29 Checkpoint started
16:40:29 Checkpoint finished, log reused
16:40:29 PL LOG: Installing iSPARQL version 1.29.30/2023-09-26 16:56 (DAV)
16:40:29 Checkpoint started
16:40:29 Checkpoint finished, log reused
16:40:30 Checkpoint started
16:40:30 Checkpoint finished, log reused
16:45:06 PL LOG: Installing RDF Mappers version 1.34.74/2023-06-07 14:47 
16:45:07 Checkpoint started
16:45:07 Checkpoint finished, log reused
16:45:22 Checkpoint started
16:45:22 Checkpoint finished, log reused
16:47:36 * Monitor: Locks are held for a long time
16:49:08 Incorrect login for dba from IP [127.0.0.1]
16:51:22 * Monitor: Locks are held for a long time
16:57:14 PL LOG: Installing Linked Data Cartridges version 1.103_git447/2023-08-30 13:55 
16:57:17 Checkpoint started
16:57:17 Checkpoint finished, log reused
16:57:20 PL LOG: Upgrading RDF Proxy IRI Map
16:57:20 PL LOG: Finished upgrading RDF Proxy IRI Map
16:57:26 Checkpoint started
16:57:26 Checkpoint finished, log reused
17:37:02 PL LOG: Installing DBpedia version 1.4.43/2023-09-26 16:57 (DAV)
17:37:02 Checkpoint started
17:37:02 Checkpoint finished, log reused
17:37:02 HTTP server online at :80
17:37:02 Checkpoint started
17:37:02 Checkpoint finished, log reused
17:37:56 Checkpoint started
17:37:56 Checkpoint finished, log reused
18:06:58 * Monitor: Locks are held for a long time
18:18:10 PL LOG: DB.DBA.RDF_LOAD_ACTIVITYPUB: <destMD5=cbf3dad6fae4fd703d67f19c29df486b&graphMD5=66453d02ec3728059163d2d2c09e380a> not identified as ActivityPub URL
18:18:22 PL LOG: DB.DBA.RDF_LOAD_TEXTALYTICS_META: Textalytics cartridge needs an API key
18:18:27 PL LOG: DB.DBA.RDF_LOAD_DEEZER_META: Deezer metacartridge requires an API key
18:37:59 Checkpoint started
18:38:00 Checkpoint finished, log reused
18:49:53 Server received signal 1
18:49:53 Initiating quick shutdown
18:49:53 Server shutdown complete

		Mon Nov 06 2023
13:59:05 { Loading plugin 1: Type `plain', file `geos' in `../hosting'
13:59:05   plain version 1.2.3238 from OpenLink Software
13:59:05   GEOS plugin based on Geometry Engine Open Source library from Open Source Geospatial Foundation
13:59:05   SUCCESS plugin 1: loaded from ../hosting/geos.so }
13:59:05 { Loading plugin 2: Type `plain', file `graphql' in `../hosting'
13:59:05   GraphQL/SPARQL Bridge version 0.9.3 (d89671fa1) from OpenLink Software
13:59:05   Support functions for GraphQL/SPARQL Bridge
13:59:05   SUCCESS plugin 2: loaded from ../hosting/graphql.so }
13:59:05 { Loading plugin 3: Type `plain', file `proj4' in `../hosting'
13:59:05   plain version 1.1.3238 from OpenLink Software
13:59:05   Cartographic Projections support based on Frank Warmerdam's proj4 library
13:59:05   SUCCESS plugin 3: loaded from ../hosting/proj4.so }
13:59:05 { Loading plugin 4: Type `plain', file `shapefileio' in `../hosting'
13:59:05   ShapefileIO version 0.1virt71 from OpenLink Software
13:59:05   Shapefile support based on Frank Warmerdam's Shapelib
13:59:05   SUCCESS plugin 4: loaded from ../hosting/shapefileio.so }
13:59:05 OpenLink Virtuoso Universal Server
13:59:05 Version 07.20.3238-pthreads for Linux as of Sep 26 2023 (d89671fa1)
13:59:05 uses OpenSSL 1.1.1  11 Sep 2018
13:59:05 uses parts of PCRE, Html Tidy
13:59:05 Database version 3126
13:59:05 SQL Optimizer enabled (max 1000 layouts)
13:59:06 Compiler unit is timed at 0.000096 msec
13:59:07 Roll forward started
13:59:07     29 transactions, 2449 bytes replayed (100 %)
13:59:07 Roll forward complete
13:59:08 Checkpoint started
13:59:08 Checkpoint finished, log reused
13:59:08 HTTP/WebDAV server online at 8890
13:59:08 HTTP server online at :80
13:59:08 Server online at 1111 (pid 1)
14:00:28 PL LOG: DB.DBA.RDF_LOAD_ACTIVITYPUB: <destMD5=db221c81ff52fde7410e1c44f5e1a9d5&graphMD5=8831889a9c2c79beb32c7ed24d497650> not identified as ActivityPub URL
14:00:41 PL LOG: DB.DBA.RDF_LOAD_TEXTALYTICS_META: Textalytics cartridge needs an API key
14:00:41 PL LOG: DB.DBA.RDF_LOAD_NERD_META: NERD cartridge needs an API key
14:00:41 PL LOG: DB.DBA.RDF_LOAD_REDLINK_META: RedLink cartridge needs an API key
14:00:41 PL LOG: DB.DBA.RDF_LOAD_DEEZER_META: Deezer metacartridge requires an API key
14:05:59 Incorrect login for dba from IP [127.0.0.1]
14:06:28 Incorrect login for dba from IP [127.0.0.1]
14:07:17 Server received signal 2
14:07:17 Initiating normal shutdown
14:07:17 Checkpoint started
14:07:17 Checkpoint finished, log reused
14:07:17 Server shutdown complete

		Mon Nov 06 2023
14:07:19 { Loading plugin 1: Type `plain', file `geos' in `../hosting'
14:07:19   plain version 1.2.3238 from OpenLink Software
14:07:19   GEOS plugin based on Geometry Engine Open Source library from Open Source Geospatial Foundation
14:07:19   SUCCESS plugin 1: loaded from ../hosting/geos.so }
14:07:19 { Loading plugin 2: Type `plain', file `graphql' in `../hosting'
14:07:19   GraphQL/SPARQL Bridge version 0.9.3 (d89671fa1) from OpenLink Software
14:07:19   Support functions for GraphQL/SPARQL Bridge
14:07:19   SUCCESS plugin 2: loaded from ../hosting/graphql.so }
14:07:19 { Loading plugin 3: Type `plain', file `proj4' in `../hosting'
14:07:19   plain version 1.1.3238 from OpenLink Software
14:07:19   Cartographic Projections support based on Frank Warmerdam's proj4 library
14:07:19   SUCCESS plugin 3: loaded from ../hosting/proj4.so }
14:07:19 { Loading plugin 4: Type `plain', file `shapefileio' in `../hosting'
14:07:19   ShapefileIO version 0.1virt71 from OpenLink Software
14:07:19   Shapefile support based on Frank Warmerdam's Shapelib
14:07:19   SUCCESS plugin 4: loaded from ../hosting/shapefileio.so }
14:07:19 OpenLink Virtuoso Universal Server
14:07:19 Version 07.20.3238-pthreads for Linux as of Sep 26 2023 (d89671fa1)
14:07:19 uses OpenSSL 1.1.1  11 Sep 2018
14:07:19 uses parts of PCRE, Html Tidy
14:07:19 Database version 3126
14:07:19 SQL Optimizer enabled (max 1000 layouts)
14:07:20 Compiler unit is timed at 0.000095 msec
14:07:21 Roll forward started
14:07:21 Roll forward complete
14:07:22 Checkpoint started
14:07:22 Checkpoint finished, log reused
14:07:24 HTTP/WebDAV server online at 8890
14:07:24 HTTP server online at :80
14:07:24 Server online at 1111 (pid 1)
14:11:13 PL LOG: DB.DBA.RDF_LOAD_ACTIVITYPUB: <destMD5=82fc2f0b0fed21ad847bd67da84a7ae3&graphMD5=82fc2f0b0fed21ad847bd67da84a7ae3> not identified as ActivityPub URL
14:11:23 PL LOG: DB.DBA.RDF_LOAD_TEXTALYTICS_META: Textalytics cartridge needs an API key
14:11:23 The function gethostbyname returned error 1 for host "partner.api.beatsmusic.com".
14:11:23 PL LOG: DB.DBA.RDF_LOAD_DEEZER_META: Deezer metacartridge requires an API key
14:16:03 Incorrect login for dba from IP [127.0.0.1]
14:16:31 Incorrect login for dba from IP [127.0.0.1]
14:37:58 PL LOG: DB.DBA.RDF_LOAD_ACTIVITYPUB: <destMD5=8831889a9c2c79beb32c7ed24d497650&graphMD5=8831889a9c2c79beb32c7ed24d497650> not identified as ActivityPub URL
14:38:10 PL LOG: DB.DBA.RDF_LOAD_TEXTALYTICS_META: Textalytics cartridge needs an API key
14:38:10 PL LOG: DB.DBA.RDF_LOAD_NERD_META: NERD cartridge needs an API key
14:38:10 PL LOG: DB.DBA.RDF_LOAD_REDLINK_META: RedLink cartridge needs an API key
14:38:10 The function gethostbyname returned error 1 for host "partner.api.beatsmusic.com".
14:38:10 PL LOG: DB.DBA.RDF_LOAD_DEEZER_META: Deezer metacartridge requires an API key
15:07:26 Checkpoint started
15:07:27 Checkpoint finished, log reused
15:11:35 PL LOG: Uninstalling dbpedia/1.4.43
15:11:35 PL LOG: Uninstall complete
15:13:32 PL LOG: Installing DBpedia version 1.4.43/2023-09-26 16:57 (DAV)
15:13:33 Checkpoint started
15:13:33 Checkpoint finished, log reused
15:13:33 Checkpoint started
15:13:33 Checkpoint finished, log reused
15:30:47 * Monitor: Locks are held for a long time
15:36:12 PL LOG: Uninstalling dbpedia/1.4.43
15:36:12 PL LOG: Uninstall complete
15:37:29 Server received signal 2
15:37:29 Initiating normal shutdown
15:37:29 Checkpoint started
15:37:30 Checkpoint finished, log reused
15:37:30 Server shutdown complete

		Mon Nov 06 2023
15:37:32 { Loading plugin 1: Type `plain', file `geos' in `../hosting'
15:37:32   plain version 1.2.3238 from OpenLink Software
15:37:32   GEOS plugin based on Geometry Engine Open Source library from Open Source Geospatial Foundation
15:37:32   SUCCESS plugin 1: loaded from ../hosting/geos.so }
15:37:32 { Loading plugin 2: Type `plain', file `graphql' in `../hosting'
15:37:32   GraphQL/SPARQL Bridge version 0.9.3 (d89671fa1) from OpenLink Software
15:37:32   Support functions for GraphQL/SPARQL Bridge
15:37:32   SUCCESS plugin 2: loaded from ../hosting/graphql.so }
15:37:32 { Loading plugin 3: Type `plain', file `proj4' in `../hosting'
15:37:32   plain version 1.1.3238 from OpenLink Software
15:37:32   Cartographic Projections support based on Frank Warmerdam's proj4 library
15:37:32   SUCCESS plugin 3: loaded from ../hosting/proj4.so }
15:37:32 { Loading plugin 4: Type `plain', file `shapefileio' in `../hosting'
15:37:32   ShapefileIO version 0.1virt71 from OpenLink Software
15:37:32   Shapefile support based on Frank Warmerdam's Shapelib
15:37:32   SUCCESS plugin 4: loaded from ../hosting/shapefileio.so }
15:37:32 OpenLink Virtuoso Universal Server
15:37:32 Version 07.20.3238-pthreads for Linux as of Sep 26 2023 (d89671fa1)
15:37:32 uses OpenSSL 1.1.1  11 Sep 2018
15:37:32 uses parts of PCRE, Html Tidy
15:37:32 Database version 3126
15:37:32 Unlinked the temp db file ../database/virtuoso-temp.db as its size (12MB) was greater than TempDBSize INI (10MB)
15:37:32 SQL Optimizer enabled (max 1000 layouts)
15:37:33 Compiler unit is timed at 0.000096 msec
15:37:34 Server received signal 2
15:37:34 Server shutdown is pending
15:37:34 Roll forward started
15:37:34 Roll forward complete
15:37:35 Server exiting

		Mon Nov 06 2023
15:37:35 { Loading plugin 1: Type `plain', file `geos' in `../hosting'
15:37:35   plain version 1.2.3238 from OpenLink Software
15:37:35   GEOS plugin based on Geometry Engine Open Source library from Open Source Geospatial Foundation
15:37:35   SUCCESS plugin 1: loaded from ../hosting/geos.so }
15:37:35 { Loading plugin 2: Type `plain', file `graphql' in `../hosting'
15:37:35   GraphQL/SPARQL Bridge version 0.9.3 (d89671fa1) from OpenLink Software
15:37:35   Support functions for GraphQL/SPARQL Bridge
15:37:35   SUCCESS plugin 2: loaded from ../hosting/graphql.so }
15:37:35 { Loading plugin 3: Type `plain', file `proj4' in `../hosting'
15:37:35   plain version 1.1.3238 from OpenLink Software
15:37:35   Cartographic Projections support based on Frank Warmerdam's proj4 library
15:37:35   SUCCESS plugin 3: loaded from ../hosting/proj4.so }
15:37:35 { Loading plugin 4: Type `plain', file `shapefileio' in `../hosting'
15:37:35   ShapefileIO version 0.1virt71 from OpenLink Software
15:37:35   Shapefile support based on Frank Warmerdam's Shapelib
15:37:35   SUCCESS plugin 4: loaded from ../hosting/shapefileio.so }
15:37:35 OpenLink Virtuoso Universal Server
15:37:35 Version 07.20.3238-pthreads for Linux as of Sep 26 2023 (d89671fa1)
15:37:35 uses OpenSSL 1.1.1  11 Sep 2018
15:37:35 uses parts of PCRE, Html Tidy
15:37:35 Database version 3126
15:37:35 SQL Optimizer enabled (max 1000 layouts)
15:37:36 Compiler unit is timed at 0.000095 msec
15:37:37 Roll forward started
15:37:37     3 transactions, 155 bytes replayed (100 %)
15:37:37 Roll forward complete
15:37:38 Checkpoint started
15:37:38 Checkpoint finished, log reused
15:37:38 HTTP/WebDAV server online at 8890
15:37:38 HTTP server online at :80
15:37:38 Server online at 1111 (pid 1)
15:56:28 * Monitor: Locks are held for a long time
15:56:32 PL LOG: Installing DBpedia version 1.4.43/2023-09-26 16:57 (DAV)
15:56:32 Checkpoint started
15:56:32 Checkpoint finished, log reused
15:56:32 Checkpoint started
15:56:32 Checkpoint finished, log reused
16:37:39 Checkpoint started
16:37:39 Checkpoint finished, log reused
16:54:14 * Monitor: Locks are held for a long time
16:56:56 Server received signal 2
16:56:56 Initiating normal shutdown
16:56:56 Checkpoint started
16:56:56 Checkpoint finished, log reused
16:56:56 Server shutdown complete

		Mon Nov 06 2023
16:56:58 { Loading plugin 1: Type `plain', file `geos' in `../hosting'
16:56:58   plain version 1.2.3238 from OpenLink Software
16:56:58   GEOS plugin based on Geometry Engine Open Source library from Open Source Geospatial Foundation
16:56:58   SUCCESS plugin 1: loaded from ../hosting/geos.so }
16:56:58 { Loading plugin 2: Type `plain', file `graphql' in `../hosting'
16:56:58   GraphQL/SPARQL Bridge version 0.9.3 (d89671fa1) from OpenLink Software
16:56:58   Support functions for GraphQL/SPARQL Bridge
16:56:58   SUCCESS plugin 2: loaded from ../hosting/graphql.so }
16:56:58 { Loading plugin 3: Type `plain', file `proj4' in `../hosting'
16:56:58   plain version 1.1.3238 from OpenLink Software
16:56:58   Cartographic Projections support based on Frank Warmerdam's proj4 library
16:56:58   SUCCESS plugin 3: loaded from ../hosting/proj4.so }
16:56:58 { Loading plugin 4: Type `plain', file `shapefileio' in `../hosting'
16:56:58   ShapefileIO version 0.1virt71 from OpenLink Software
16:56:58   Shapefile support based on Frank Warmerdam's Shapelib
16:56:58   SUCCESS plugin 4: loaded from ../hosting/shapefileio.so }
16:56:58 OpenLink Virtuoso Universal Server
16:56:58 Version 07.20.3238-pthreads for Linux as of Sep 26 2023 (d89671fa1)
16:56:58 uses OpenSSL 1.1.1  11 Sep 2018
16:56:58 uses parts of PCRE, Html Tidy
16:56:58 Database version 3126
16:56:58 Unlinked the temp db file ../database/virtuoso-temp.db as its size (12MB) was greater than TempDBSize INI (10MB)
16:56:58 SQL Optimizer enabled (max 1000 layouts)
16:56:59 Compiler unit is timed at 0.000097 msec
16:57:00 Roll forward started
16:57:00 Roll forward complete
16:57:01 Checkpoint started
16:57:01 Checkpoint finished, log reused
16:57:03 HTTP/WebDAV server online at 8890
16:57:03 HTTP server online at :80
16:57:03 Server online at 1111 (pid 1)
16:57:03 Incorrect login for dba from IP [127.0.0.1]
17:57:05 Checkpoint started
17:57:05 Checkpoint finished, log reused
